<?xml version="1.0" encoding="utf-8"?><testsuites><testsuite errors="0" failures="0" hostname="lumipyry" name="pytest" skipped="0" tests="8" time="0.141" timestamp="2021-05-06T20:56:58.255976"><testcase classname="tests.test_device" file="tests/test_device.py" line="8" name="test_get_properties_splitting[None]" time="0.002"></testcase><testcase classname="tests.test_device" file="tests/test_device.py" line="8" name="test_get_properties_splitting[1]" time="0.002"></testcase><testcase classname="tests.test_device" file="tests/test_device.py" line="8" name="test_get_properties_splitting[15]" time="0.002"></testcase><testcase classname="tests.test_device" file="tests/test_device.py" line="21" name="test_default_timeout_and_retry" time="0.002"></testcase><testcase classname="tests.test_device" file="tests/test_device.py" line="29" name="test_timeout_retry" time="0.001"></testcase><testcase classname="tests.test_device" file="tests/test_device.py" line="48" name="test_unavailable_device_info_raises" time="0.001"></testcase><testcase classname="tests.test_device" file="tests/test_device.py" line="59" name="test_model_autodetection" time="0.002"></testcase><testcase classname="tests.test_device" file="tests/test_device.py" line="71" name="test_forced_model" time="0.002"></testcase></testsuite></testsuites>