<?xml version="1.0" encoding="utf-8"?><testsuite errors="0" failures="0" name="pytest" skips="0" tests="0" time="769.841"><testcase time="0.002162933349609375"></testcase></testsuite>